android/app/build/intermediates/manifest_merge_blame_file/debug/manifest-merger-blame-debug-report.txt
1<?xml version="1.0" encoding="utf-8"?>
2<manifest xmlns:android="http://schemas.android.com/apk/res/android"
3    package="com.spotifygodev"
4    android:versionCode="1"
5    android:versionName="1.0" >
6
7    <uses-sdk
8        android:minSdkVersion="21"
9        android:targetSdkVersion="30" />
10
11    <uses-permission android:name="android.permission.SYSTEM_ALERT_WINDOW" />
11-->src/debug/AndroidManifest.xml:5:5-77
11-->src/debug/AndroidManifest.xml:5:22-75
12    <uses-permission android:name="android.permission.INTERNET" />
12-->src/main/AndroidManifest.xml:4:5-67
12-->src/main/AndroidManifest.xml:4:22-64
13    <uses-permission android:name="android.permission.ACCESS_WIFI_STATE" />
13-->[com.facebook.flipper:flipper:0.99.0] AndroidManifest.xml:16:5-76
13-->[com.facebook.flipper:flipper:0.99.0] AndroidManifest.xml:16:22-73
14    <uses-permission android:name="android.permission.ACCESS_COARSE_LOCATION" />
14-->[:react-native-maps] AndroidManifest.xml:10:5-81
14-->[:react-native-maps] AndroidManifest.xml:10:22-78
15    <uses-permission android:name="android.permission.ACCESS_NETWORK_STATE" />
15-->[com.google.android.gms:play-services-measurement-api:20.0.2] AndroidManifest.xml:23:5-79
15-->[com.google.android.gms:play-services-measurement-api:20.0.2] AndroidManifest.xml:23:22-76
16    <uses-permission android:name="android.permission.WAKE_LOCK" />
16-->[com.google.android.gms:play-services-measurement-api:20.0.2] AndroidManifest.xml:24:5-68
16-->[com.google.android.gms:play-services-measurement-api:20.0.2] AndroidManifest.xml:24:22-65
17    <uses-permission android:name="android.permission.RECEIVE_BOOT_COMPLETED" />
17-->[androidx.work:work-runtime:2.5.0] AndroidManifest.xml:27:5-81
17-->[androidx.work:work-runtime:2.5.0] AndroidManifest.xml:27:22-78
18    <uses-permission android:name="android.permission.FOREGROUND_SERVICE" />
18-->[androidx.work:work-runtime:2.5.0] AndroidManifest.xml:28:5-77
18-->[androidx.work:work-runtime:2.5.0] AndroidManifest.xml:28:22-74
19
20    <uses-feature
20-->[com.google.android.gms:play-services-maps:17.0.0] AndroidManifest.xml:26:5-28:35
21        android:glEsVersion="0x00020000"
21-->[com.google.android.gms:play-services-maps:17.0.0] AndroidManifest.xml:27:9-41
22        android:required="true" />
22-->[com.google.android.gms:play-services-maps:17.0.0] AndroidManifest.xml:28:9-32
23
24    <uses-permission android:name="com.google.android.finsky.permission.BIND_GET_INSTALL_REFERRER_SERVICE" /> <!-- Include required permissions for Advertising Id -->
24-->[com.google.android.gms:play-services-measurement:20.0.2] AndroidManifest.xml:26:5-110
24-->[com.google.android.gms:play-services-measurement:20.0.2] AndroidManifest.xml:26:22-107
25    <uses-permission android:name="com.google.android.gms.permission.AD_ID" />
25-->[com.google.android.gms:play-services-ads-identifier:18.0.0] AndroidManifest.xml:23:5-79
25-->[com.google.android.gms:play-services-ads-identifier:18.0.0] AndroidManifest.xml:23:22-76
26
27    <application
27-->src/main/AndroidManifest.xml:6:5-28:19
28        android:name="com.spotifygodev.MainApplication"
28-->src/main/AndroidManifest.xml:7:7-38
29        android:allowBackup="false"
29-->src/main/AndroidManifest.xml:11:7-34
30        android:appComponentFactory="androidx.core.app.CoreComponentFactory"
30-->[androidx.core:core:1.5.0] AndroidManifest.xml:24:18-86
31        android:debuggable="true"
32        android:icon="@mipmap/ic_launcher"
32-->src/main/AndroidManifest.xml:9:7-41
33        android:label="@string/app_name"
33-->src/main/AndroidManifest.xml:8:7-39
34        android:roundIcon="@mipmap/ic_launcher_round"
34-->src/main/AndroidManifest.xml:10:7-52
35        android:theme="@style/AppTheme"
35-->src/main/AndroidManifest.xml:12:7-38
36        android:usesCleartextTraffic="true" >
36-->src/debug/AndroidManifest.xml:8:9-44
37        <activity android:name="com.facebook.react.devsupport.DevSettingsActivity" />
37-->src/debug/AndroidManifest.xml:11:9-86
37-->src/debug/AndroidManifest.xml:11:19-83
38        <activity
38-->src/main/AndroidManifest.xml:13:7-23:18
39            android:name="com.spotifygodev.MainActivity"
39-->src/main/AndroidManifest.xml:14:9-37
40            android:configChanges="keyboard|keyboardHidden|orientation|screenSize|uiMode"
40-->src/main/AndroidManifest.xml:16:9-86
41            android:label="@string/app_name"
41-->src/main/AndroidManifest.xml:15:9-41
42            android:launchMode="singleTask"
42-->src/main/AndroidManifest.xml:17:9-40
43            android:windowSoftInputMode="adjustResize" >
43-->src/main/AndroidManifest.xml:18:9-51
44            <intent-filter>
44-->src/main/AndroidManifest.xml:19:9-22:25
45                <action android:name="android.intent.action.MAIN" />
45-->src/main/AndroidManifest.xml:20:13-65
45-->src/main/AndroidManifest.xml:20:21-62
46
47                <category android:name="android.intent.category.LAUNCHER" />
47-->src/main/AndroidManifest.xml:21:13-73
47-->src/main/AndroidManifest.xml:21:23-70
48            </intent-filter>
49        </activity>
50
51        <meta-data
51-->src/main/AndroidManifest.xml:24:7-26:66
52            android:name="com.google.android.geo.API_KEY"
52-->src/main/AndroidManifest.xml:25:9-54
53            android:value="AIzaSyCDL0QHldRo8w1aZvC_gI4h954vngfuIpo" />
53-->src/main/AndroidManifest.xml:26:9-64
54
55        <uses-library
55-->src/main/AndroidManifest.xml:27:7-85
56            android:name="org.apache.http.legacy"
56-->src/main/AndroidManifest.xml:27:21-58
57            android:required="false" />
57-->src/main/AndroidManifest.xml:27:59-83
58
59        <meta-data
59-->[:react-native-firebase_app] AndroidManifest.xml:10:9-12:36
60            android:name="app_data_collection_default_enabled"
60-->[:react-native-firebase_app] AndroidManifest.xml:11:13-63
61            android:value="true" />
61-->[:react-native-firebase_app] AndroidManifest.xml:12:13-33
62
63        <service
63-->[:react-native-firebase_app] AndroidManifest.xml:14:9-18:19
64            android:name="com.google.firebase.components.ComponentDiscoveryService"
64-->[:react-native-firebase_app] AndroidManifest.xml:14:18-89
65            android:directBootAware="true"
65-->[com.google.firebase:firebase-common:20.0.0] AndroidManifest.xml:35:13-43
66            android:exported="false" >
66-->[com.google.android.gms:play-services-measurement-api:20.0.2] AndroidManifest.xml:29:13-37
67            <meta-data
67-->[:react-native-firebase_app] AndroidManifest.xml:15:13-17:85
68                android:name="com.google.firebase.components:io.invertase.firebase.app.ReactNativeFirebaseAppRegistrar"
68-->[:react-native-firebase_app] AndroidManifest.xml:16:17-120
69                android:value="com.google.firebase.components.ComponentRegistrar" />
69-->[:react-native-firebase_app] AndroidManifest.xml:17:17-82
70            <meta-data
70-->[com.google.android.gms:play-services-measurement-api:20.0.2] AndroidManifest.xml:30:13-32:85
71                android:name="com.google.firebase.components:com.google.firebase.analytics.connector.internal.AnalyticsConnectorRegistrar"
71-->[com.google.android.gms:play-services-measurement-api:20.0.2] AndroidManifest.xml:31:17-139
72                android:value="com.google.firebase.components.ComponentRegistrar" />
72-->[com.google.android.gms:play-services-measurement-api:20.0.2] AndroidManifest.xml:32:17-82
73            <meta-data
73-->[com.google.firebase:firebase-installations:17.0.0] AndroidManifest.xml:18:13-20:85
74                android:name="com.google.firebase.components:com.google.firebase.installations.FirebaseInstallationsRegistrar"
74-->[com.google.firebase:firebase-installations:17.0.0] AndroidManifest.xml:19:17-127
75                android:value="com.google.firebase.components.ComponentRegistrar" />
75-->[com.google.firebase:firebase-installations:17.0.0] AndroidManifest.xml:20:17-82
76        </service>
77
78        <provider
78-->[:react-native-firebase_app] AndroidManifest.xml:20:9-24:38
79            android:name="io.invertase.firebase.app.ReactNativeFirebaseAppInitProvider"
79-->[:react-native-firebase_app] AndroidManifest.xml:21:13-88
80            android:authorities="com.spotifygodev.reactnativefirebaseappinitprovider"
80-->[:react-native-firebase_app] AndroidManifest.xml:22:13-86
81            android:exported="false"
81-->[:react-native-firebase_app] AndroidManifest.xml:23:13-37
82            android:initOrder="99" />
82-->[:react-native-firebase_app] AndroidManifest.xml:24:13-35
83        <provider
83-->[com.google.firebase:firebase-common:20.0.0] AndroidManifest.xml:26:9-31:39
84            android:name="com.google.firebase.provider.FirebaseInitProvider"
84-->[com.google.firebase:firebase-common:20.0.0] AndroidManifest.xml:27:13-77
85            android:authorities="com.spotifygodev.firebaseinitprovider"
85-->[com.google.firebase:firebase-common:20.0.0] AndroidManifest.xml:28:13-72
86            android:directBootAware="true"
86-->[com.google.firebase:firebase-common:20.0.0] AndroidManifest.xml:29:13-43
87            android:exported="false"
87-->[com.google.firebase:firebase-common:20.0.0] AndroidManifest.xml:30:13-37
88            android:initOrder="100" />
88-->[com.google.firebase:firebase-common:20.0.0] AndroidManifest.xml:31:13-36
89        <provider
89-->[androidx.work:work-runtime:2.5.0] AndroidManifest.xml:31:9-37:35
90            android:name="androidx.work.impl.WorkManagerInitializer"
90-->[androidx.work:work-runtime:2.5.0] AndroidManifest.xml:32:13-69
91            android:authorities="com.spotifygodev.workmanager-init"
91-->[androidx.work:work-runtime:2.5.0] AndroidManifest.xml:33:13-68
92            android:directBootAware="false"
92-->[androidx.work:work-runtime:2.5.0] AndroidManifest.xml:34:13-44
93            android:exported="false"
93-->[androidx.work:work-runtime:2.5.0] AndroidManifest.xml:35:13-37
94            android:multiprocess="true" />
94-->[androidx.work:work-runtime:2.5.0] AndroidManifest.xml:36:13-40
95
96        <service
96-->[androidx.work:work-runtime:2.5.0] AndroidManifest.xml:39:9-44:35
97            android:name="androidx.work.impl.background.systemalarm.SystemAlarmService"
97-->[androidx.work:work-runtime:2.5.0] AndroidManifest.xml:40:13-88
98            android:directBootAware="false"
98-->[androidx.work:work-runtime:2.5.0] AndroidManifest.xml:41:13-44
99            android:enabled="@bool/enable_system_alarm_service_default"
99-->[androidx.work:work-runtime:2.5.0] AndroidManifest.xml:42:13-72
100            android:exported="false" />
100-->[androidx.work:work-runtime:2.5.0] AndroidManifest.xml:43:13-37
101        <service
101-->[androidx.work:work-runtime:2.5.0] AndroidManifest.xml:45:9-51:35
102            android:name="androidx.work.impl.background.systemjob.SystemJobService"
102-->[androidx.work:work-runtime:2.5.0] AndroidManifest.xml:46:13-84
103            android:directBootAware="false"
103-->[androidx.work:work-runtime:2.5.0] AndroidManifest.xml:47:13-44
104            android:enabled="@bool/enable_system_job_service_default"
104-->[androidx.work:work-runtime:2.5.0] AndroidManifest.xml:48:13-70
105            android:exported="true"
105-->[androidx.work:work-runtime:2.5.0] AndroidManifest.xml:49:13-36
106            android:permission="android.permission.BIND_JOB_SERVICE" />
106-->[androidx.work:work-runtime:2.5.0] AndroidManifest.xml:50:13-69
107        <service
107-->[androidx.work:work-runtime:2.5.0] AndroidManifest.xml:52:9-57:35
108            android:name="androidx.work.impl.foreground.SystemForegroundService"
108-->[androidx.work:work-runtime:2.5.0] AndroidManifest.xml:53:13-81
109            android:directBootAware="false"
109-->[androidx.work:work-runtime:2.5.0] AndroidManifest.xml:54:13-44
110            android:enabled="@bool/enable_system_foreground_service_default"
110-->[androidx.work:work-runtime:2.5.0] AndroidManifest.xml:55:13-77
111            android:exported="false" />
111-->[androidx.work:work-runtime:2.5.0] AndroidManifest.xml:56:13-37
112
113        <receiver
113-->[androidx.work:work-runtime:2.5.0] AndroidManifest.xml:59:9-64:35
114            android:name="androidx.work.impl.utils.ForceStopRunnable$BroadcastReceiver"
114-->[androidx.work:work-runtime:2.5.0] AndroidManifest.xml:60:13-88
115            android:directBootAware="false"
115-->[androidx.work:work-runtime:2.5.0] AndroidManifest.xml:61:13-44
116            android:enabled="true"
116-->[androidx.work:work-runtime:2.5.0] AndroidManifest.xml:62:13-35
117            android:exported="false" />
117-->[androidx.work:work-runtime:2.5.0] AndroidManifest.xml:63:13-37
118        <receiver
118-->[androidx.work:work-runtime:2.5.0] AndroidManifest.xml:65:9-75:20
119            android:name="androidx.work.impl.background.systemalarm.ConstraintProxy$BatteryChargingProxy"
119-->[androidx.work:work-runtime:2.5.0] AndroidManifest.xml:66:13-106
120            android:directBootAware="false"
120-->[androidx.work:work-runtime:2.5.0] AndroidManifest.xml:67:13-44
121            android:enabled="false"
121-->[androidx.work:work-runtime:2.5.0] AndroidManifest.xml:68:13-36
122            android:exported="false" >
122-->[androidx.work:work-runtime:2.5.0] AndroidManifest.xml:69:13-37
123            <intent-filter>
123-->[androidx.work:work-runtime:2.5.0] AndroidManifest.xml:71:13-74:29
124                <action android:name="android.intent.action.ACTION_POWER_CONNECTED" />
124-->[androidx.work:work-runtime:2.5.0] AndroidManifest.xml:72:17-87
124-->[androidx.work:work-runtime:2.5.0] AndroidManifest.xml:72:25-84
125                <action android:name="android.intent.action.ACTION_POWER_DISCONNECTED" />
125-->[androidx.work:work-runtime:2.5.0] AndroidManifest.xml:73:17-90
125-->[androidx.work:work-runtime:2.5.0] AndroidManifest.xml:73:25-87
126            </intent-filter>
127        </receiver>
128        <receiver
128-->[androidx.work:work-runtime:2.5.0] AndroidManifest.xml:76:9-86:20
129            android:name="androidx.work.impl.background.systemalarm.ConstraintProxy$BatteryNotLowProxy"
129-->[androidx.work:work-runtime:2.5.0] AndroidManifest.xml:77:13-104
130            android:directBootAware="false"
130-->[androidx.work:work-runtime:2.5.0] AndroidManifest.xml:78:13-44
131            android:enabled="false"
131-->[androidx.work:work-runtime:2.5.0] AndroidManifest.xml:79:13-36
132            android:exported="false" >
132-->[androidx.work:work-runtime:2.5.0] AndroidManifest.xml:80:13-37
133            <intent-filter>
133-->[androidx.work:work-runtime:2.5.0] AndroidManifest.xml:82:13-85:29
134                <action android:name="android.intent.action.BATTERY_OKAY" />
134-->[androidx.work:work-runtime:2.5.0] AndroidManifest.xml:83:17-77
134-->[androidx.work:work-runtime:2.5.0] AndroidManifest.xml:83:25-74
135                <action android:name="android.intent.action.BATTERY_LOW" />
135-->[androidx.work:work-runtime:2.5.0] AndroidManifest.xml:84:17-76
135-->[androidx.work:work-runtime:2.5.0] AndroidManifest.xml:84:25-73
136            </intent-filter>
137        </receiver>
138        <receiver
138-->[androidx.work:work-runtime:2.5.0] AndroidManifest.xml:87:9-97:20
139            android:name="androidx.work.impl.background.systemalarm.ConstraintProxy$StorageNotLowProxy"
139-->[androidx.work:work-runtime:2.5.0] AndroidManifest.xml:88:13-104
140            android:directBootAware="false"
140-->[androidx.work:work-runtime:2.5.0] AndroidManifest.xml:89:13-44
141            android:enabled="false"
141-->[androidx.work:work-runtime:2.5.0] AndroidManifest.xml:90:13-36
142            android:exported="false" >
142-->[androidx.work:work-runtime:2.5.0] AndroidManifest.xml:91:13-37
143            <intent-filter>
143-->[androidx.work:work-runtime:2.5.0] AndroidManifest.xml:93:13-96:29
144                <action android:name="android.intent.action.DEVICE_STORAGE_LOW" />
144-->[androidx.work:work-runtime:2.5.0] AndroidManifest.xml:94:17-83
144-->[androidx.work:work-runtime:2.5.0] AndroidManifest.xml:94:25-80
145                <action android:name="android.intent.action.DEVICE_STORAGE_OK" />
145-->[androidx.work:work-runtime:2.5.0] AndroidManifest.xml:95:17-82
145-->[androidx.work:work-runtime:2.5.0] AndroidManifest.xml:95:25-79
146            </intent-filter>
147        </receiver>
148        <receiver
148-->[androidx.work:work-runtime:2.5.0] AndroidManifest.xml:98:9-107:20
149            android:name="androidx.work.impl.background.systemalarm.ConstraintProxy$NetworkStateProxy"
149-->[androidx.work:work-runtime:2.5.0] AndroidManifest.xml:99:13-103
150            android:directBootAware="false"
150-->[androidx.work:work-runtime:2.5.0] AndroidManifest.xml:100:13-44
151            android:enabled="false"
151-->[androidx.work:work-runtime:2.5.0] AndroidManifest.xml:101:13-36
152            android:exported="false" >
152-->[androidx.work:work-runtime:2.5.0] AndroidManifest.xml:102:13-37
153            <intent-filter>
153-->[androidx.work:work-runtime:2.5.0] AndroidManifest.xml:104:13-106:29
154                <action android:name="android.net.conn.CONNECTIVITY_CHANGE" />
154-->[androidx.work:work-runtime:2.5.0] AndroidManifest.xml:105:17-79
154-->[androidx.work:work-runtime:2.5.0] AndroidManifest.xml:105:25-76
155            </intent-filter>
156        </receiver>
157        <receiver
157-->[androidx.work:work-runtime:2.5.0] AndroidManifest.xml:108:9-119:20
158            android:name="androidx.work.impl.background.systemalarm.RescheduleReceiver"
158-->[androidx.work:work-runtime:2.5.0] AndroidManifest.xml:109:13-88
159            android:directBootAware="false"
159-->[androidx.work:work-runtime:2.5.0] AndroidManifest.xml:110:13-44
160            android:enabled="false"
160-->[androidx.work:work-runtime:2.5.0] AndroidManifest.xml:111:13-36
161            android:exported="false" >
161-->[androidx.work:work-runtime:2.5.0] AndroidManifest.xml:112:13-37
162            <intent-filter>
162-->[androidx.work:work-runtime:2.5.0] AndroidManifest.xml:114:13-118:29
163                <action android:name="android.intent.action.BOOT_COMPLETED" />
163-->[androidx.work:work-runtime:2.5.0] AndroidManifest.xml:115:17-79
163-->[androidx.work:work-runtime:2.5.0] AndroidManifest.xml:115:25-76
164                <action android:name="android.intent.action.TIME_SET" />
164-->[androidx.work:work-runtime:2.5.0] AndroidManifest.xml:116:17-73
164-->[androidx.work:work-runtime:2.5.0] AndroidManifest.xml:116:25-70
165                <action android:name="android.intent.action.TIMEZONE_CHANGED" />
165-->[androidx.work:work-runtime:2.5.0] AndroidManifest.xml:117:17-81
165-->[androidx.work:work-runtime:2.5.0] AndroidManifest.xml:117:25-78
166            </intent-filter>
167        </receiver>
168        <receiver
168-->[androidx.work:work-runtime:2.5.0] AndroidManifest.xml:120:9-129:20
169            android:name="androidx.work.impl.background.systemalarm.ConstraintProxyUpdateReceiver"
169-->[androidx.work:work-runtime:2.5.0] AndroidManifest.xml:121:13-99
170            android:directBootAware="false"
170-->[androidx.work:work-runtime:2.5.0] AndroidManifest.xml:122:13-44
171            android:enabled="@bool/enable_system_alarm_service_default"
171-->[androidx.work:work-runtime:2.5.0] AndroidManifest.xml:123:13-72
172            android:exported="false" >
172-->[androidx.work:work-runtime:2.5.0] AndroidManifest.xml:124:13-37
173            <intent-filter>
173-->[androidx.work:work-runtime:2.5.0] AndroidManifest.xml:126:13-128:29
174                <action android:name="androidx.work.impl.background.systemalarm.UpdateProxies" />
174-->[androidx.work:work-runtime:2.5.0] AndroidManifest.xml:127:17-98
174-->[androidx.work:work-runtime:2.5.0] AndroidManifest.xml:127:25-95
175            </intent-filter>
176        </receiver>
177        <receiver
177-->[androidx.work:work-runtime:2.5.0] AndroidManifest.xml:130:9-140:20
178            android:name="androidx.work.impl.diagnostics.DiagnosticsReceiver"
178-->[androidx.work:work-runtime:2.5.0] AndroidManifest.xml:131:13-78
179            android:directBootAware="false"
179-->[androidx.work:work-runtime:2.5.0] AndroidManifest.xml:132:13-44
180            android:enabled="true"
180-->[androidx.work:work-runtime:2.5.0] AndroidManifest.xml:133:13-35
181            android:exported="true"
181-->[androidx.work:work-runtime:2.5.0] AndroidManifest.xml:134:13-36
182            android:permission="android.permission.DUMP" >
182-->[androidx.work:work-runtime:2.5.0] AndroidManifest.xml:135:13-57
183            <intent-filter>
183-->[androidx.work:work-runtime:2.5.0] AndroidManifest.xml:137:13-139:29
184                <action android:name="androidx.work.diagnostics.REQUEST_DIAGNOSTICS" />
184-->[androidx.work:work-runtime:2.5.0] AndroidManifest.xml:138:17-88
184-->[androidx.work:work-runtime:2.5.0] AndroidManifest.xml:138:25-85
185            </intent-filter>
186        </receiver>
187
188        <service
188-->[androidx.room:room-runtime:2.2.5] AndroidManifest.xml:25:9-28:40
189            android:name="androidx.room.MultiInstanceInvalidationService"
189-->[androidx.room:room-runtime:2.2.5] AndroidManifest.xml:26:13-74
190            android:directBootAware="true"
190-->[androidx.room:room-runtime:2.2.5] AndroidManifest.xml:27:13-43
191            android:exported="false" />
191-->[androidx.room:room-runtime:2.2.5] AndroidManifest.xml:28:13-37
192
193        <activity
193-->[com.google.android.gms:play-services-auth:20.0.1] AndroidManifest.xml:23:9-27:75
194            android:name="com.google.android.gms.auth.api.signin.internal.SignInHubActivity"
194-->[com.google.android.gms:play-services-auth:20.0.1] AndroidManifest.xml:24:13-93
195            android:excludeFromRecents="true"
195-->[com.google.android.gms:play-services-auth:20.0.1] AndroidManifest.xml:25:13-46
196            android:exported="false"
196-->[com.google.android.gms:play-services-auth:20.0.1] AndroidManifest.xml:26:13-37
197            android:theme="@android:style/Theme.Translucent.NoTitleBar" />
197-->[com.google.android.gms:play-services-auth:20.0.1] AndroidManifest.xml:27:13-72
198        <!--
199            Service handling Google Sign-In user revocation. For apps that do not integrate with
200            Google Sign-In, this service will never be started.
201        -->
202        <service
202-->[com.google.android.gms:play-services-auth:20.0.1] AndroidManifest.xml:33:9-37:51
203            android:name="com.google.android.gms.auth.api.signin.RevocationBoundService"
203-->[com.google.android.gms:play-services-auth:20.0.1] AndroidManifest.xml:34:13-89
204            android:exported="true"
204-->[com.google.android.gms:play-services-auth:20.0.1] AndroidManifest.xml:35:13-36
205            android:permission="com.google.android.gms.auth.api.signin.permission.REVOCATION_NOTIFICATION"
205-->[com.google.android.gms:play-services-auth:20.0.1] AndroidManifest.xml:36:13-107
206            android:visibleToInstantApps="true" />
206-->[com.google.android.gms:play-services-auth:20.0.1] AndroidManifest.xml:37:13-48
207
208        <activity
208-->[com.google.android.gms:play-services-base:18.0.1] AndroidManifest.xml:20:9-22:45
209            android:name="com.google.android.gms.common.api.GoogleApiActivity"
209-->[com.google.android.gms:play-services-base:18.0.1] AndroidManifest.xml:20:19-85
210            android:exported="false"
210-->[com.google.android.gms:play-services-base:18.0.1] AndroidManifest.xml:22:19-43
211            android:theme="@android:style/Theme.Translucent.NoTitleBar" />
211-->[com.google.android.gms:play-services-base:18.0.1] AndroidManifest.xml:21:19-78
212
213        <receiver
213-->[com.google.android.gms:play-services-measurement:20.0.2] AndroidManifest.xml:29:9-33:20
214            android:name="com.google.android.gms.measurement.AppMeasurementReceiver"
214-->[com.google.android.gms:play-services-measurement:20.0.2] AndroidManifest.xml:30:13-85
215            android:enabled="true"
215-->[com.google.android.gms:play-services-measurement:20.0.2] AndroidManifest.xml:31:13-35
216            android:exported="false" >
216-->[com.google.android.gms:play-services-measurement:20.0.2] AndroidManifest.xml:32:13-37
217        </receiver>
218
219        <service
219-->[com.google.android.gms:play-services-measurement:20.0.2] AndroidManifest.xml:35:9-38:40
220            android:name="com.google.android.gms.measurement.AppMeasurementService"
220-->[com.google.android.gms:play-services-measurement:20.0.2] AndroidManifest.xml:36:13-84
221            android:enabled="true"
221-->[com.google.android.gms:play-services-measurement:20.0.2] AndroidManifest.xml:37:13-35
222            android:exported="false" />
222-->[com.google.android.gms:play-services-measurement:20.0.2] AndroidManifest.xml:38:13-37
223        <service
223-->[com.google.android.gms:play-services-measurement:20.0.2] AndroidManifest.xml:39:9-43:72
224            android:name="com.google.android.gms.measurement.AppMeasurementJobService"
224-->[com.google.android.gms:play-services-measurement:20.0.2] AndroidManifest.xml:40:13-87
225            android:enabled="true"
225-->[com.google.android.gms:play-services-measurement:20.0.2] AndroidManifest.xml:41:13-35
226            android:exported="false"
226-->[com.google.android.gms:play-services-measurement:20.0.2] AndroidManifest.xml:42:13-37
227            android:permission="android.permission.BIND_JOB_SERVICE" />
227-->[com.google.android.gms:play-services-measurement:20.0.2] AndroidManifest.xml:43:13-69
228
229        <meta-data
229-->[com.google.android.gms:play-services-basement:18.0.0] AndroidManifest.xml:21:9-23:69
230            android:name="com.google.android.gms.version"
230-->[com.google.android.gms:play-services-basement:18.0.0] AndroidManifest.xml:22:13-58
231            android:value="@integer/google_play_services_version" />
231-->[com.google.android.gms:play-services-basement:18.0.0] AndroidManifest.xml:23:13-66
232    </application>
233
234</manifest>